# JRE version: OpenJDK Runtime Environment Temurin-17.0.7+7 (17.0.7+7) (build 17.0.7+7)
# Java VM: OpenJDK 64-Bit Server VM Temurin-17.0.7+7 (17.0.7+7, mixed mode, tiered, compressed oops, compressed class ptrs, g1 gc, windows-amd64)
GC Precious Log:
 CPUs: 4 total, 4 available
 Memory: 4002M
 Large Page Support: Disabled
 NUMA Support: Disabled
 Compressed Oops: Enabled (32-bit)
 Heap Region Size: 1M
 Heap Min Capacity: 8M
 Heap Initial Capacity: 64M
 Heap Max Capacity: 1002M
 Pre-touch: Disabled
 Parallel Workers: 4
 Concurrent Workers: 1
 Concurrent Refinement Workers: 4
 Periodic GC: Disabled
Heap:
 garbage-first heap   total 53248K, used 32008K [0x00000000c1600000, 0x0000000100000000)
  region size 1024K, 3 young (3072K), 2 survivors (2048K)
 Metaspace       used 55806K, committed 56320K, reserved 1114112K
  class space    used 6953K, committed 7168K, reserved 1048576K
GC Heap History (20 events):
Event: 50.856 GC heap before
{Heap before GC invocations=13 (full 0):
 garbage-first heap   total 51200K, used 30637K [0x00000000c1600000, 0x0000000100000000)
  region size 1024K, 11 young (11264K), 3 survivors (3072K)
 Metaspace       used 41466K, committed 41920K, reserved 1114112K
  class space    used 4818K, committed 5056K, reserved 1048576K
}
Event: 50.877 GC heap after
{Heap after GC invocations=14 (full 0):
 garbage-first heap   total 51200K, used 25008K [0x00000000c1600000, 0x0000000100000000)
  region size 1024K, 3 young (3072K), 3 survivors (3072K)
 Metaspace       used 41466K, committed 41920K, reserved 1114112K
  class space    used 4818K, committed 5056K, reserved 1048576K
}
Event: 54.925 GC heap before
{Heap before GC invocations=15 (full 0):
 garbage-first heap   total 51200K, used 39344K [0x00000000c1600000, 0x0000000100000000)
  region size 1024K, 16 young (16384K), 3 survivors (3072K)
 Metaspace       used 43222K, committed 43648K, reserved 1114112K
  class space    used 5061K, committed 5248K, reserved 1048576K
}
Event: 54.991 GC heap after
{Heap after GC invocations=16 (full 0):
 garbage-first heap   total 51200K, used 25159K [0x00000000c1600000, 0x0000000100000000)
  region size 1024K, 1 young (1024K), 1 survivors (1024K)
 Metaspace       used 43222K, committed 43648K, reserved 1114112K
  class space    used 5061K, committed 5248K, reserved 1048576K
}
Event: 55.955 GC heap before
{Heap before GC invocations=16 (full 0):
 garbage-first heap   total 51200K, used 39495K [0x00000000c1600000, 0x0000000100000000)
  region size 1024K, 15 young (15360K), 1 survivors (1024K)
 Metaspace       used 43505K, committed 43968K, reserved 1114112K
  class space    used 5104K, committed 5312K, reserved 1048576K
}
Event: 55.963 GC heap after
{Heap after GC invocations=17 (full 0):
 garbage-first heap   total 51200K, used 25961K [0x00000000c1600000, 0x0000000100000000)
  region size 1024K, 2 young (2048K), 2 survivors (2048K)
 Metaspace       used 43505K, committed 43968K, reserved 1114112K
  class space    used 5104K, committed 5312K, reserved 1048576K
}
Event: 59.135 GC heap before
{Heap before GC invocations=18 (full 0):
 garbage-first heap   total 51200K, used 39273K [0x00000000c1600000, 0x0000000100000000)
  region size 1024K, 15 young (15360K), 2 survivors (2048K)
 Metaspace       used 45530K, committed 46016K, reserved 1114112K
  class space    used 5393K, committed 5632K, reserved 1048576K
}
Event: 59.146 GC heap after
{Heap after GC invocations=19 (full 0):
 garbage-first heap   total 51200K, used 26352K [0x00000000c1600000, 0x0000000100000000)
  region size 1024K, 2 young (2048K), 2 survivors (2048K)
 Metaspace       used 45530K, committed 46016K, reserved 1114112K
  class space    used 5393K, committed 5632K, reserved 1048576K
}
Event: 63.367 GC heap before
{Heap before GC invocations=19 (full 0):
 garbage-first heap   total 51200K, used 39664K [0x00000000c1600000, 0x0000000100000000)
  region size 1024K, 15 young (15360K), 2 survivors (2048K)
 Metaspace       used 48360K, committed 48832K, reserved 1114112K
  class space    used 5840K, committed 6080K, reserved 1048576K
}
Event: 63.382 GC heap after
{Heap after GC invocations=20 (full 0):
 garbage-first heap   total 51200K, used 27158K [0x00000000c1600000, 0x0000000100000000)
  region size 1024K, 1 young (1024K), 1 survivors (1024K)
 Metaspace       used 48360K, committed 48832K, reserved 1114112K
  class space    used 5840K, committed 6080K, reserved 1048576K
}
Event: 67.732 GC heap before
{Heap before GC invocations=21 (full 0):
 garbage-first heap   total 51200K, used 39446K [0x00000000c1600000, 0x0000000100000000)
  region size 1024K, 14 young (14336K), 1 survivors (1024K)
 Metaspace       used 50656K, committed 51136K, reserved 1114112K
  class space    used 6170K, committed 6400K, reserved 1048576K
}
Event: 68.055 GC heap after
{Heap after GC invocations=22 (full 0):
 garbage-first heap   total 51200K, used 28810K [0x00000000c1600000, 0x0000000100000000)
  region size 1024K, 2 young (2048K), 2 survivors (2048K)
 Metaspace       used 50656K, committed 51136K, reserved 1114112K
  class space    used 6170K, committed 6400K, reserved 1048576K
}
Event: 71.401 GC heap before
{Heap before GC invocations=22 (full 0):
 garbage-first heap   total 51200K, used 40074K [0x00000000c1600000, 0x0000000100000000)
  region size 1024K, 13 young (13312K), 2 survivors (2048K)
 Metaspace       used 51790K, committed 52224K, reserved 1114112K
  class space    used 6271K, committed 6464K, reserved 1048576K
}
Event: 71.417 GC heap after
{Heap after GC invocations=23 (full 0):
 garbage-first heap   total 51200K, used 29753K [0x00000000c1600000, 0x0000000100000000)
  region size 1024K, 2 young (2048K), 2 survivors (2048K)
 Metaspace       used 51790K, committed 52224K, reserved 1114112K
  class space    used 6271K, committed 6464K, reserved 1048576K
}
Event: 75.159 GC heap before
{Heap before GC invocations=24 (full 0):
 garbage-first heap   total 53248K, used 39993K [0x00000000c1600000, 0x0000000100000000)
  region size 1024K, 12 young (12288K), 2 survivors (2048K)
 Metaspace       used 53562K, committed 54016K, reserved 1114112K
  class space    used 6552K, committed 6784K, reserved 1048576K
}
Event: 75.173 GC heap after
{Heap after GC invocations=25 (full 0):
 garbage-first heap   total 53248K, used 31148K [0x00000000c1600000, 0x0000000100000000)
  region size 1024K, 2 young (2048K), 2 survivors (2048K)
 Metaspace       used 53562K, committed 54016K, reserved 1114112K
  class space    used 6552K, committed 6784K, reserved 1048576K
}
Event: 75.321 GC heap before
{Heap before GC invocations=25 (full 0):
 garbage-first heap   total 53248K, used 32172K [0x00000000c1600000, 0x0000000100000000)
  region size 1024K, 3 young (3072K), 2 survivors (2048K)
 Metaspace       used 53795K, committed 54336K, reserved 1114112K
  class space    used 6578K, committed 6848K, reserved 1048576K
}
Event: 75.330 GC heap after
{Heap after GC invocations=26 (full 0):
 garbage-first heap   total 53248K, used 31268K [0x00000000c1600000, 0x0000000100000000)
  region size 1024K, 1 young (1024K), 1 survivors (1024K)
 Metaspace       used 53795K, committed 54336K, reserved 1114112K
  class space    used 6578K, committed 6848K, reserved 1048576K
}
Event: 78.295 GC heap before
{Heap before GC invocations=26 (full 0):
 garbage-first heap   total 53248K, used 41508K [0x00000000c1600000, 0x0000000100000000)
  region size 1024K, 11 young (11264K), 1 survivors (1024K)
 Metaspace       used 55631K, committed 56128K, reserved 1114112K
  class space    used 6924K, committed 7168K, reserved 1048576K
}
Event: 78.299 GC heap after
{Heap after GC invocations=27 (full 0):
 garbage-first heap   total 53248K, used 32008K [0x00000000c1600000, 0x0000000100000000)
  region size 1024K, 2 young (2048K), 2 survivors (2048K)
 Metaspace       used 55631K, committed 56128K, reserved 1114112K
  class space    used 6924K, committed 7168K, reserved 1048576K
}

