# JRE version: OpenJDK Runtime Environment Temurin-17.0.7+7 (17.0.7+7) (build 17.0.7+7)
# Java VM: OpenJDK 64-Bit Server VM Temurin-17.0.7+7 (17.0.7+7, mixed mode, emulated-client, tiered, compressed oops, compressed class ptrs, g1 gc, windows-amd64)
GC Precious Log:
 CPUs: 4 total, 4 available
 Memory: 4002M
 Large Page Support: Disabled
 NUMA Support: Disabled
 Compressed Oops: Enabled (32-bit)
 Heap Region Size: 1M
 Heap Min Capacity: 8M
 Heap Initial Capacity: 64M
 Heap Max Capacity: 1002M
 Pre-touch: Disabled
 Parallel Workers: 4
 Concurrent Workers: 1
 Concurrent Refinement Workers: 4
 Periodic GC: Disabled
Heap:
 garbage-first heap   total 61440K, used 29222K [0x00000000c1600000, 0x0000000100000000)
  region size 1024K, 9 young (9216K), 3 survivors (3072K)
 Metaspace       used 38802K, committed 39168K, reserved 1114112K
  class space    used 5060K, committed 5248K, reserved 1048576K
GC Heap History (20 events):
Event: 3.475 GC heap before
{Heap before GC invocations=1 (full 0):
 garbage-first heap   total 65536K, used 17146K [0x00000000c1600000, 0x0000000100000000)
  region size 1024K, 9 young (9216K), 2 survivors (2048K)
 Metaspace       used 15133K, committed 15360K, reserved 1114112K
  class space    used 1585K, committed 1664K, reserved 1048576K
}
Event: 3.484 GC heap after
{Heap after GC invocations=2 (full 0):
 garbage-first heap   total 65536K, used 11267K [0x00000000c1600000, 0x0000000100000000)
  region size 1024K, 2 young (2048K), 2 survivors (2048K)
 Metaspace       used 15133K, committed 15360K, reserved 1114112K
  class space    used 1585K, committed 1664K, reserved 1048576K
}
Event: 4.551 GC heap before
{Heap before GC invocations=2 (full 0):
 garbage-first heap   total 65536K, used 31747K [0x00000000c1600000, 0x0000000100000000)
  region size 1024K, 18 young (18432K), 2 survivors (2048K)
 Metaspace       used 17251K, committed 17536K, reserved 1114112K
  class space    used 1828K, committed 1984K, reserved 1048576K
}
Event: 4.566 GC heap after
{Heap after GC invocations=3 (full 0):
 garbage-first heap   total 65536K, used 14554K [0x00000000c1600000, 0x0000000100000000)
  region size 1024K, 3 young (3072K), 3 survivors (3072K)
 Metaspace       used 17251K, committed 17536K, reserved 1114112K
  class space    used 1828K, committed 1984K, reserved 1048576K
}
Event: 6.474 GC heap before
{Heap before GC invocations=3 (full 0):
 garbage-first heap   total 65536K, used 38106K [0x00000000c1600000, 0x0000000100000000)
  region size 1024K, 25 young (25600K), 3 survivors (3072K)
 Metaspace       used 20114K, committed 20416K, reserved 1114112K
  class space    used 2242K, committed 2368K, reserved 1048576K
}
Event: 6.482 GC heap after
{Heap after GC invocations=4 (full 0):
 garbage-first heap   total 65536K, used 15836K [0x00000000c1600000, 0x0000000100000000)
  region size 1024K, 3 young (3072K), 3 survivors (3072K)
 Metaspace       used 20114K, committed 20416K, reserved 1114112K
  class space    used 2242K, committed 2368K, reserved 1048576K
}
Event: 10.307 GC heap before
{Heap before GC invocations=4 (full 0):
 garbage-first heap   total 65536K, used 23004K [0x00000000c1600000, 0x0000000100000000)
  region size 1024K, 11 young (11264K), 3 survivors (3072K)
 Metaspace       used 21265K, committed 21504K, reserved 1114112K
  class space    used 2429K, committed 2560K, reserved 1048576K
}
Event: 10.314 GC heap after
{Heap after GC invocations=5 (full 0):
 garbage-first heap   total 65536K, used 16568K [0x00000000c1600000, 0x0000000100000000)
  region size 1024K, 2 young (2048K), 2 survivors (2048K)
 Metaspace       used 21265K, committed 21504K, reserved 1114112K
  class space    used 2429K, committed 2560K, reserved 1048576K
}
Event: 12.689 GC heap before
{Heap before GC invocations=6 (full 0):
 garbage-first heap   total 61440K, used 45240K [0x00000000c1600000, 0x0000000100000000)
  region size 1024K, 31 young (31744K), 2 survivors (2048K)
 Metaspace       used 27022K, committed 27328K, reserved 1114112K
  class space    used 3355K, committed 3520K, reserved 1048576K
}
Event: 12.699 GC heap after
{Heap after GC invocations=7 (full 0):
 garbage-first heap   total 61440K, used 18289K [0x00000000c1600000, 0x0000000100000000)
  region size 1024K, 4 young (4096K), 4 survivors (4096K)
 Metaspace       used 27022K, committed 27328K, reserved 1114112K
  class space    used 3355K, committed 3520K, reserved 1048576K
}
Event: 13.076 GC heap before
{Heap before GC invocations=7 (full 0):
 garbage-first heap   total 61440K, used 18289K [0x00000000c1600000, 0x0000000100000000)
  region size 1024K, 5 young (5120K), 4 survivors (4096K)
 Metaspace       used 27300K, committed 27584K, reserved 1114112K
  class space    used 3397K, committed 3520K, reserved 1048576K
}
Event: 13.087 GC heap after
{Heap after GC invocations=8 (full 0):
 garbage-first heap   total 61440K, used 18672K [0x00000000c1600000, 0x0000000100000000)
  region size 1024K, 1 young (1024K), 1 survivors (1024K)
 Metaspace       used 27300K, committed 27584K, reserved 1114112K
  class space    used 3397K, committed 3520K, reserved 1048576K
}
Event: 14.857 GC heap before
{Heap before GC invocations=8 (full 0):
 garbage-first heap   total 61440K, used 42224K [0x00000000c1600000, 0x0000000100000000)
  region size 1024K, 25 young (25600K), 1 survivors (1024K)
 Metaspace       used 32073K, committed 32448K, reserved 1114112K
  class space    used 3966K, committed 4160K, reserved 1048576K
}
Event: 14.862 GC heap after
{Heap after GC invocations=9 (full 0):
 garbage-first heap   total 61440K, used 19591K [0x00000000c1600000, 0x0000000100000000)
  region size 1024K, 2 young (2048K), 2 survivors (2048K)
 Metaspace       used 32073K, committed 32448K, reserved 1114112K
  class space    used 3966K, committed 4160K, reserved 1048576K
}
Event: 17.719 GC heap before
{Heap before GC invocations=9 (full 0):
 garbage-first heap   total 61440K, used 44167K [0x00000000c1600000, 0x0000000100000000)
  region size 1024K, 27 young (27648K), 2 survivors (2048K)
 Metaspace       used 33955K, committed 34368K, reserved 1114112K
  class space    used 4214K, committed 4416K, reserved 1048576K
}
Event: 17.725 GC heap after
{Heap after GC invocations=10 (full 0):
 garbage-first heap   total 61440K, used 22116K [0x00000000c1600000, 0x0000000100000000)
  region size 1024K, 4 young (4096K), 4 survivors (4096K)
 Metaspace       used 33955K, committed 34368K, reserved 1114112K
  class space    used 4214K, committed 4416K, reserved 1048576K
}
Event: 22.242 GC heap before
{Heap before GC invocations=10 (full 0):
 garbage-first heap   total 61440K, used 39524K [0x00000000c1600000, 0x0000000100000000)
  region size 1024K, 22 young (22528K), 4 survivors (4096K)
 Metaspace       used 35567K, committed 35968K, reserved 1114112K
  class space    used 4455K, committed 4608K, reserved 1048576K
}
Event: 22.251 GC heap after
{Heap after GC invocations=11 (full 0):
 garbage-first heap   total 61440K, used 23123K [0x00000000c1600000, 0x0000000100000000)
  region size 1024K, 2 young (2048K), 2 survivors (2048K)
 Metaspace       used 35567K, committed 35968K, reserved 1114112K
  class space    used 4455K, committed 4608K, reserved 1048576K
}
Event: 27.853 GC heap before
{Heap before GC invocations=12 (full 0):
 garbage-first heap   total 61440K, used 46675K [0x00000000c1600000, 0x0000000100000000)
  region size 1024K, 25 young (25600K), 2 survivors (2048K)
 Metaspace       used 38324K, committed 38720K, reserved 1114112K
  class space    used 4976K, committed 5184K, reserved 1048576K
}
Event: 27.859 GC heap after
{Heap after GC invocations=13 (full 0):
 garbage-first heap   total 61440K, used 24102K [0x00000000c1600000, 0x0000000100000000)
  region size 1024K, 3 young (3072K), 3 survivors (3072K)
 Metaspace       used 38324K, committed 38720K, reserved 1114112K
  class space    used 4976K, committed 5184K, reserved 1048576K
}

