# JRE version: OpenJDK Runtime Environment Temurin-17.0.7+7 (17.0.7+7) (build 17.0.7+7)
# Java VM: OpenJDK 64-Bit Server VM Temurin-17.0.7+7 (17.0.7+7, mixed mode, emulated-client, tiered, compressed oops, compressed class ptrs, g1 gc, windows-amd64)
GC Precious Log:
 CPUs: 4 total, 4 available
 Memory: 4002M
 Large Page Support: Disabled
 NUMA Support: Disabled
 Compressed Oops: Enabled (32-bit)
 Heap Region Size: 1M
 Heap Min Capacity: 8M
 Heap Initial Capacity: 64M
 Heap Max Capacity: 1002M
 Pre-touch: Disabled
 Parallel Workers: 4
 Concurrent Workers: 1
 Concurrent Refinement Workers: 4
 Periodic GC: Disabled
Heap:
 garbage-first heap   total 86016K, used 58503K [0x00000000c1600000, 0x0000000100000000)
  region size 1024K, 22 young (22528K), 4 survivors (4096K)
 Metaspace       used 75647K, committed 76224K, reserved 1114112K
  class space    used 10733K, committed 11008K, reserved 1048576K
GC Heap History (20 events):
Event: 8.268 GC heap before
{Heap before GC invocations=14 (full 0):
 garbage-first heap   total 61440K, used 30493K [0x00000000c1600000, 0x0000000100000000)
  region size 1024K, 5 young (5120K), 4 survivors (4096K)
 Metaspace       used 43184K, committed 43584K, reserved 1114112K
  class space    used 5704K, committed 5888K, reserved 1048576K
}
Event: 8.275 GC heap after
{Heap after GC invocations=15 (full 0):
 garbage-first heap   total 61440K, used 31546K [0x00000000c1600000, 0x0000000100000000)
  region size 1024K, 1 young (1024K), 1 survivors (1024K)
 Metaspace       used 43184K, committed 43584K, reserved 1114112K
  class space    used 5704K, committed 5888K, reserved 1048576K
}
Event: 8.567 GC heap before
{Heap before GC invocations=16 (full 0):
 garbage-first heap   total 71680K, used 48954K [0x00000000c1600000, 0x0000000100000000)
  region size 1024K, 15 young (15360K), 1 survivors (1024K)
 Metaspace       used 43670K, committed 44096K, reserved 1114112K
  class space    used 5754K, committed 5952K, reserved 1048576K
}
Event: 8.571 GC heap after
{Heap after GC invocations=17 (full 0):
 garbage-first heap   total 71680K, used 33153K [0x00000000c1600000, 0x0000000100000000)
  region size 1024K, 2 young (2048K), 2 survivors (2048K)
 Metaspace       used 43670K, committed 44096K, reserved 1114112K
  class space    used 5754K, committed 5952K, reserved 1048576K
}
Event: 8.595 GC heap before
{Heap before GC invocations=17 (full 0):
 garbage-first heap   total 71680K, used 34177K [0x00000000c1600000, 0x0000000100000000)
  region size 1024K, 4 young (4096K), 2 survivors (2048K)
 Metaspace       used 43670K, committed 44096K, reserved 1114112K
  class space    used 5754K, committed 5952K, reserved 1048576K
}
Event: 8.598 GC heap after
{Heap after GC invocations=18 (full 0):
 garbage-first heap   total 71680K, used 33948K [0x00000000c1600000, 0x0000000100000000)
  region size 1024K, 3 young (3072K), 3 survivors (3072K)
 Metaspace       used 43670K, committed 44096K, reserved 1114112K
  class space    used 5754K, committed 5952K, reserved 1048576K
}
Event: 9.207 GC heap before
{Heap before GC invocations=19 (full 0):
 garbage-first heap   total 71680K, used 50332K [0x00000000c1600000, 0x0000000100000000)
  region size 1024K, 20 young (20480K), 3 survivors (3072K)
 Metaspace       used 46213K, committed 46720K, reserved 1114112K
  class space    used 6111K, committed 6336K, reserved 1048576K
}
Event: 9.214 GC heap after
{Heap after GC invocations=20 (full 0):
 garbage-first heap   total 71680K, used 31782K [0x00000000c1600000, 0x0000000100000000)
  region size 1024K, 1 young (1024K), 1 survivors (1024K)
 Metaspace       used 46213K, committed 46720K, reserved 1114112K
  class space    used 6111K, committed 6336K, reserved 1048576K
}
Event: 10.293 GC heap before
{Heap before GC invocations=20 (full 0):
 garbage-first heap   total 71680K, used 52262K [0x00000000c1600000, 0x0000000100000000)
  region size 1024K, 21 young (21504K), 1 survivors (1024K)
 Metaspace       used 50560K, committed 51136K, reserved 1114112K
  class space    used 6847K, committed 7104K, reserved 1048576K
}
Event: 10.300 GC heap after
{Heap after GC invocations=21 (full 0):
 garbage-first heap   total 86016K, used 32695K [0x00000000c1600000, 0x0000000100000000)
  region size 1024K, 2 young (2048K), 2 survivors (2048K)
 Metaspace       used 50560K, committed 51136K, reserved 1114112K
  class space    used 6847K, committed 7104K, reserved 1048576K
}
Event: 11.527 GC heap before
{Heap before GC invocations=21 (full 0):
 garbage-first heap   total 86016K, used 62391K [0x00000000c1600000, 0x0000000100000000)
  region size 1024K, 31 young (31744K), 2 survivors (2048K)
 Metaspace       used 57764K, committed 58304K, reserved 1114112K
  class space    used 7786K, committed 8064K, reserved 1048576K
}
Event: 11.538 GC heap after
{Heap after GC invocations=22 (full 0):
 garbage-first heap   total 86016K, used 35022K [0x00000000c1600000, 0x0000000100000000)
  region size 1024K, 4 young (4096K), 4 survivors (4096K)
 Metaspace       used 57764K, committed 58304K, reserved 1114112K
  class space    used 7786K, committed 8064K, reserved 1048576K
}
Event: 12.708 GC heap before
{Heap before GC invocations=22 (full 0):
 garbage-first heap   total 86016K, used 64718K [0x00000000c1600000, 0x0000000100000000)
  region size 1024K, 33 young (33792K), 4 survivors (4096K)
 Metaspace       used 64982K, committed 65536K, reserved 1114112K
  class space    used 8893K, committed 9152K, reserved 1048576K
}
Event: 12.717 GC heap after
{Heap after GC invocations=23 (full 0):
 garbage-first heap   total 86016K, used 36595K [0x00000000c1600000, 0x0000000100000000)
  region size 1024K, 4 young (4096K), 4 survivors (4096K)
 Metaspace       used 64982K, committed 65536K, reserved 1114112K
  class space    used 8893K, committed 9152K, reserved 1048576K
}
Event: 13.843 GC heap before
{Heap before GC invocations=23 (full 0):
 garbage-first heap   total 86016K, used 66291K [0x00000000c1600000, 0x0000000100000000)
  region size 1024K, 33 young (33792K), 4 survivors (4096K)
 Metaspace       used 70633K, committed 71232K, reserved 1114112K
  class space    used 9685K, committed 9984K, reserved 1048576K
}
Event: 13.853 GC heap after
{Heap after GC invocations=24 (full 0):
 garbage-first heap   total 86016K, used 38441K [0x00000000c1600000, 0x0000000100000000)
  region size 1024K, 4 young (4096K), 4 survivors (4096K)
 Metaspace       used 70633K, committed 71232K, reserved 1114112K
  class space    used 9685K, committed 9984K, reserved 1048576K
}
Event: 14.573 GC heap before
{Heap before GC invocations=24 (full 0):
 garbage-first heap   total 86016K, used 51753K [0x00000000c1600000, 0x0000000100000000)
  region size 1024K, 18 young (18432K), 4 survivors (4096K)
 Metaspace       used 73268K, committed 73856K, reserved 1114112K
  class space    used 10204K, committed 10496K, reserved 1048576K
}
Event: 14.581 GC heap after
{Heap after GC invocations=25 (full 0):
 garbage-first heap   total 86016K, used 39153K [0x00000000c1600000, 0x0000000100000000)
  region size 1024K, 3 young (3072K), 3 survivors (3072K)
 Metaspace       used 73268K, committed 73856K, reserved 1114112K
  class space    used 10204K, committed 10496K, reserved 1048576K
}
Event: 15.060 GC heap before
{Heap before GC invocations=26 (full 0):
 garbage-first heap   total 86016K, used 67825K [0x00000000c1600000, 0x0000000100000000)
  region size 1024K, 31 young (31744K), 3 survivors (3072K)
 Metaspace       used 75246K, committed 75840K, reserved 1114112K
  class space    used 10708K, committed 11008K, reserved 1048576K
}
Event: 15.071 GC heap after
{Heap after GC invocations=27 (full 0):
 garbage-first heap   total 86016K, used 42119K [0x00000000c1600000, 0x0000000100000000)
  region size 1024K, 4 young (4096K), 4 survivors (4096K)
 Metaspace       used 75246K, committed 75840K, reserved 1114112K
  class space    used 10708K, committed 11008K, reserved 1048576K
}

