# JRE version: OpenJDK Runtime Environment Temurin-17.0.7+7 (17.0.7+7) (build 17.0.7+7)
# Java VM: OpenJDK 64-Bit Server VM Temurin-17.0.7+7 (17.0.7+7, mixed mode, emulated-client, tiered, compressed oops, compressed class ptrs, g1 gc, windows-amd64)
GC Precious Log:
 CPUs: 4 total, 4 available
 Memory: 4002M
 Large Page Support: Disabled
 NUMA Support: Disabled
 Compressed Oops: Enabled (32-bit)
 Heap Region Size: 1M
 Heap Min Capacity: 8M
 Heap Initial Capacity: 64M
 Heap Max Capacity: 1002M
 Pre-touch: Disabled
 Parallel Workers: 4
 Concurrent Workers: 1
 Concurrent Refinement Workers: 4
 Periodic GC: Disabled
Heap:
 garbage-first heap   total 78848K, used 41580K [0x00000000c1600000, 0x0000000100000000)
  region size 1024K, 1 young (1024K), 1 survivors (1024K)
 Metaspace       used 84100K, committed 85184K, reserved 1179648K
  class space    used 11742K, committed 12160K, reserved 1048576K
GC Heap History (20 events):
Event: 46.453 GC heap after
{Heap after GC invocations=32 (full 0):
 garbage-first heap   total 68608K, used 40030K [0x00000000c1600000, 0x0000000100000000)
  region size 1024K, 3 young (3072K), 3 survivors (3072K)
 Metaspace       used 75394K, committed 75968K, reserved 1114112K
  class space    used 10479K, committed 10752K, reserved 1048576K
}
Event: 47.915 GC heap before
{Heap before GC invocations=32 (full 0):
 garbage-first heap   total 68608K, used 55390K [0x00000000c1600000, 0x0000000100000000)
  region size 1024K, 19 young (19456K), 3 survivors (3072K)
 Metaspace       used 77364K, committed 78016K, reserved 1179648K
  class space    used 10785K, committed 11072K, reserved 1048576K
}
Event: 47.924 GC heap after
{Heap after GC invocations=33 (full 0):
 garbage-first heap   total 68608K, used 41555K [0x00000000c1600000, 0x0000000100000000)
  region size 1024K, 3 young (3072K), 3 survivors (3072K)
 Metaspace       used 77364K, committed 78016K, reserved 1179648K
  class space    used 10785K, committed 11072K, reserved 1048576K
}
Event: 51.511 GC heap before
{Heap before GC invocations=34 (full 0):
 garbage-first heap   total 73728K, used 55891K [0x00000000c1600000, 0x0000000100000000)
  region size 1024K, 17 young (17408K), 3 survivors (3072K)
 Metaspace       used 78179K, committed 78784K, reserved 1179648K
  class space    used 10921K, committed 11200K, reserved 1048576K
}
Event: 51.521 GC heap after
{Heap after GC invocations=35 (full 0):
 garbage-first heap   total 73728K, used 42826K [0x00000000c1600000, 0x0000000100000000)
  region size 1024K, 2 young (2048K), 2 survivors (2048K)
 Metaspace       used 78179K, committed 78784K, reserved 1179648K
  class space    used 10921K, committed 11200K, reserved 1048576K
}
Event: 53.027 GC heap before
{Heap before GC invocations=35 (full 0):
 garbage-first heap   total 73728K, used 59210K [0x00000000c1600000, 0x0000000100000000)
  region size 1024K, 18 young (18432K), 2 survivors (2048K)
 Metaspace       used 81226K, committed 81856K, reserved 1179648K
  class space    used 11366K, committed 11648K, reserved 1048576K
}
Event: 53.035 GC heap after
{Heap after GC invocations=36 (full 0):
 garbage-first heap   total 73728K, used 44481K [0x00000000c1600000, 0x0000000100000000)
  region size 1024K, 3 young (3072K), 3 survivors (3072K)
 Metaspace       used 81226K, committed 81856K, reserved 1179648K
  class space    used 11366K, committed 11648K, reserved 1048576K
}
Event: 57.292 GC heap before
{Heap before GC invocations=37 (full 0):
 garbage-first heap   total 76800K, used 59841K [0x00000000c1600000, 0x0000000100000000)
  region size 1024K, 18 young (18432K), 3 survivors (3072K)
 Metaspace       used 84336K, committed 84992K, reserved 1179648K
  class space    used 11801K, committed 12096K, reserved 1048576K
}
Event: 58.779 GC heap after
{Heap after GC invocations=38 (full 0):
 garbage-first heap   total 76800K, used 45612K [0x00000000c1600000, 0x0000000100000000)
  region size 1024K, 2 young (2048K), 2 survivors (2048K)
 Metaspace       used 84336K, committed 84992K, reserved 1179648K
  class space    used 11801K, committed 12096K, reserved 1048576K
}
Event: 61.863 GC heap before
{Heap before GC invocations=38 (full 0):
 garbage-first heap   total 76800K, used 46636K [0x00000000c1600000, 0x0000000100000000)
  region size 1024K, 3 young (3072K), 2 survivors (2048K)
 Metaspace       used 84350K, committed 84992K, reserved 1179648K
  class space    used 11803K, committed 12096K, reserved 1048576K
}
Event: 61.872 GC heap after
{Heap after GC invocations=39 (full 0):
 garbage-first heap   total 76800K, used 44928K [0x00000000c1600000, 0x0000000100000000)
  region size 1024K, 1 young (1024K), 1 survivors (1024K)
 Metaspace       used 84350K, committed 84992K, reserved 1179648K
  class space    used 11803K, committed 12096K, reserved 1048576K
}
Event: 273.759 GC heap before
{Heap before GC invocations=39 (full 0):
 garbage-first heap   total 76800K, used 52096K [0x00000000c1600000, 0x0000000100000000)
  region size 1024K, 9 young (9216K), 1 survivors (1024K)
 Metaspace       used 84442K, committed 85184K, reserved 1179648K
  class space    used 11818K, committed 12160K, reserved 1048576K
}
Event: 274.020 GC heap after
{Heap after GC invocations=40 (full 0):
 garbage-first heap   total 76800K, used 44774K [0x00000000c1600000, 0x0000000100000000)
  region size 1024K, 1 young (1024K), 1 survivors (1024K)
 Metaspace       used 84442K, committed 85184K, reserved 1179648K
  class space    used 11818K, committed 12160K, reserved 1048576K
}
Event: 413.334 GC heap before
{Heap before GC invocations=41 (full 0):
 garbage-first heap   total 78848K, used 49894K [0x00000000c1600000, 0x0000000100000000)
  region size 1024K, 6 young (6144K), 1 survivors (1024K)
 Metaspace       used 84092K, committed 85184K, reserved 1179648K
  class space    used 11741K, committed 12160K, reserved 1048576K
}
Event: 413.497 GC heap after
{Heap after GC invocations=42 (full 0):
 garbage-first heap   total 78848K, used 44779K [0x00000000c1600000, 0x0000000100000000)
  region size 1024K, 1 young (1024K), 1 survivors (1024K)
 Metaspace       used 84092K, committed 85184K, reserved 1179648K
  class space    used 11741K, committed 12160K, reserved 1048576K
}
Event: 469.718 GC heap before
{Heap before GC invocations=42 (full 0):
 garbage-first heap   total 78848K, used 46827K [0x00000000c1600000, 0x0000000100000000)
  region size 1024K, 3 young (3072K), 1 survivors (1024K)
 Metaspace       used 84092K, committed 85184K, reserved 1179648K
  class space    used 11741K, committed 12160K, reserved 1048576K
}
Event: 471.407 GC heap after
{Heap after GC invocations=43 (full 0):
 garbage-first heap   total 78848K, used 43438K [0x00000000c1600000, 0x0000000100000000)
  region size 1024K, 1 young (1024K), 1 survivors (1024K)
 Metaspace       used 84092K, committed 85184K, reserved 1179648K
  class space    used 11741K, committed 12160K, reserved 1048576K
}
Event: 527.124 GC heap before
{Heap before GC invocations=43 (full 0):
 garbage-first heap   total 78848K, used 45486K [0x00000000c1600000, 0x0000000100000000)
  region size 1024K, 3 young (3072K), 1 survivors (1024K)
 Metaspace       used 84100K, committed 85184K, reserved 1179648K
  class space    used 11742K, committed 12160K, reserved 1048576K
}
Event: 528.062 GC heap after
{Heap after GC invocations=44 (full 0):
 garbage-first heap   total 78848K, used 42384K [0x00000000c1600000, 0x0000000100000000)
  region size 1024K, 1 young (1024K), 1 survivors (1024K)
 Metaspace       used 84100K, committed 85184K, reserved 1179648K
  class space    used 11742K, committed 12160K, reserved 1048576K
}
Event: 585.151 GC heap before
{Heap before GC invocations=44 (full 0):
 garbage-first heap   total 78848K, used 44432K [0x00000000c1600000, 0x0000000100000000)
  region size 1024K, 3 young (3072K), 1 survivors (1024K)
 Metaspace       used 84100K, committed 85184K, reserved 1179648K
  class space    used 11742K, committed 12160K, reserved 1048576K
}

