# JRE version: OpenJDK Runtime Environment Temurin-17.0.7+7 (17.0.7+7) (build 17.0.7+7)
# Java VM: OpenJDK 64-Bit Server VM Temurin-17.0.7+7 (17.0.7+7, mixed mode, tiered, compressed oops, compressed class ptrs, g1 gc, windows-amd64)
GC Precious Log:
 CPUs: 4 total, 4 available
 Memory: 4002M
 Large Page Support: Disabled
 NUMA Support: Disabled
 Compressed Oops: Enabled (32-bit)
 Heap Region Size: 1M
 Heap Min Capacity: 8M
 Heap Initial Capacity: 64M
 Heap Max Capacity: 1002M
 Pre-touch: Disabled
 Parallel Workers: 4
 Concurrent Workers: 1
 Concurrent Refinement Workers: 4
 Periodic GC: Disabled
Heap:
 garbage-first heap   total 65536K, used 46865K [0x00000000c1600000, 0x0000000100000000)
  region size 1024K, 24 young (24576K), 3 survivors (3072K)
 Metaspace       used 39226K, committed 39552K, reserved 1114112K
  class space    used 4702K, committed 4864K, reserved 1048576K
GC Heap History (20 events):
Event: 2.291 GC heap before
{Heap before GC invocations=1 (full 0):
 garbage-first heap   total 65536K, used 18740K [0x00000000c1600000, 0x0000000100000000)
  region size 1024K, 10 young (10240K), 2 survivors (2048K)
 Metaspace       used 11246K, committed 11328K, reserved 1114112K
  class space    used 1033K, committed 1088K, reserved 1048576K
}
Event: 2.301 GC heap after
{Heap after GC invocations=2 (full 0):
 garbage-first heap   total 65536K, used 12434K [0x00000000c1600000, 0x0000000100000000)
  region size 1024K, 2 young (2048K), 2 survivors (2048K)
 Metaspace       used 11246K, committed 11328K, reserved 1114112K
  class space    used 1033K, committed 1088K, reserved 1048576K
}
Event: 4.088 GC heap before
{Heap before GC invocations=2 (full 0):
 garbage-first heap   total 65536K, used 28818K [0x00000000c1600000, 0x0000000100000000)
  region size 1024K, 18 young (18432K), 2 survivors (2048K)
 Metaspace       used 16377K, committed 16576K, reserved 1114112K
  class space    used 1704K, committed 1792K, reserved 1048576K
}
Event: 4.099 GC heap after
{Heap after GC invocations=3 (full 0):
 garbage-first heap   total 65536K, used 13854K [0x00000000c1600000, 0x0000000100000000)
  region size 1024K, 2 young (2048K), 2 survivors (2048K)
 Metaspace       used 16377K, committed 16576K, reserved 1114112K
  class space    used 1704K, committed 1792K, reserved 1048576K
}
Event: 5.993 GC heap before
{Heap before GC invocations=3 (full 0):
 garbage-first heap   total 65536K, used 42526K [0x00000000c1600000, 0x0000000100000000)
  region size 1024K, 27 young (27648K), 2 survivors (2048K)
 Metaspace       used 20822K, committed 20992K, reserved 1114112K
  class space    used 2275K, committed 2368K, reserved 1048576K
}
Event: 6.012 GC heap after
{Heap after GC invocations=4 (full 0):
 garbage-first heap   total 65536K, used 20614K [0x00000000c1600000, 0x0000000100000000)
  region size 1024K, 4 young (4096K), 4 survivors (4096K)
 Metaspace       used 20822K, committed 20992K, reserved 1114112K
  class space    used 2275K, committed 2368K, reserved 1048576K
}
Event: 6.106 GC heap before
{Heap before GC invocations=4 (full 0):
 garbage-first heap   total 65536K, used 22662K [0x00000000c1600000, 0x0000000100000000)
  region size 1024K, 7 young (7168K), 4 survivors (4096K)
 Metaspace       used 21312K, committed 21504K, reserved 1114112K
  class space    used 2317K, committed 2432K, reserved 1048576K
}
Event: 6.122 GC heap after
{Heap after GC invocations=5 (full 0):
 garbage-first heap   total 65536K, used 22027K [0x00000000c1600000, 0x0000000100000000)
  region size 1024K, 2 young (2048K), 2 survivors (2048K)
 Metaspace       used 21312K, committed 21504K, reserved 1114112K
  class space    used 2317K, committed 2432K, reserved 1048576K
}
Event: 7.880 GC heap before
{Heap before GC invocations=6 (full 0):
 garbage-first heap   total 65536K, used 38411K [0x00000000c1600000, 0x0000000100000000)
  region size 1024K, 18 young (18432K), 2 survivors (2048K)
 Metaspace       used 24564K, committed 24832K, reserved 1114112K
  class space    used 2766K, committed 2880K, reserved 1048576K
}
Event: 7.892 GC heap after
{Heap after GC invocations=7 (full 0):
 garbage-first heap   total 65536K, used 24059K [0x00000000c1600000, 0x0000000100000000)
  region size 1024K, 3 young (3072K), 3 survivors (3072K)
 Metaspace       used 24564K, committed 24832K, reserved 1114112K
  class space    used 2766K, committed 2880K, reserved 1048576K
}
Event: 11.912 GC heap before
{Heap before GC invocations=7 (full 0):
 garbage-first heap   total 65536K, used 40443K [0x00000000c1600000, 0x0000000100000000)
  region size 1024K, 20 young (20480K), 3 survivors (3072K)
 Metaspace       used 28061K, committed 28352K, reserved 1114112K
  class space    used 3255K, committed 3392K, reserved 1048576K
}
Event: 11.919 GC heap after
{Heap after GC invocations=8 (full 0):
 garbage-first heap   total 65536K, used 25106K [0x00000000c1600000, 0x0000000100000000)
  region size 1024K, 1 young (1024K), 1 survivors (1024K)
 Metaspace       used 28061K, committed 28352K, reserved 1114112K
  class space    used 3255K, committed 3392K, reserved 1048576K
}
Event: 14.261 GC heap before
{Heap before GC invocations=8 (full 0):
 garbage-first heap   total 65536K, used 43538K [0x00000000c1600000, 0x0000000100000000)
  region size 1024K, 19 young (19456K), 1 survivors (1024K)
 Metaspace       used 31567K, committed 31872K, reserved 1114112K
  class space    used 3759K, committed 3904K, reserved 1048576K
}
Event: 14.266 GC heap after
{Heap after GC invocations=9 (full 0):
 garbage-first heap   total 65536K, used 26028K [0x00000000c1600000, 0x0000000100000000)
  region size 1024K, 2 young (2048K), 2 survivors (2048K)
 Metaspace       used 31567K, committed 31872K, reserved 1114112K
  class space    used 3759K, committed 3904K, reserved 1048576K
}
Event: 18.602 GC heap before
{Heap before GC invocations=9 (full 0):
 garbage-first heap   total 65536K, used 45484K [0x00000000c1600000, 0x0000000100000000)
  region size 1024K, 21 young (21504K), 2 survivors (2048K)
 Metaspace       used 35257K, committed 35648K, reserved 1114112K
  class space    used 4231K, committed 4416K, reserved 1048576K
}
Event: 18.611 GC heap after
{Heap after GC invocations=10 (full 0):
 garbage-first heap   total 65536K, used 27309K [0x00000000c1600000, 0x0000000100000000)
  region size 1024K, 3 young (3072K), 3 survivors (3072K)
 Metaspace       used 35257K, committed 35648K, reserved 1114112K
  class space    used 4231K, committed 4416K, reserved 1048576K
}
Event: 19.044 GC heap before
{Heap before GC invocations=10 (full 0):
 garbage-first heap   total 65536K, used 31405K [0x00000000c1600000, 0x0000000100000000)
  region size 1024K, 8 young (8192K), 3 survivors (3072K)
 Metaspace       used 35793K, committed 36160K, reserved 1114112K
  class space    used 4278K, committed 4480K, reserved 1048576K
}
Event: 19.051 GC heap after
{Heap after GC invocations=11 (full 0):
 garbage-first heap   total 65536K, used 27984K [0x00000000c1600000, 0x0000000100000000)
  region size 1024K, 2 young (2048K), 2 survivors (2048K)
 Metaspace       used 35793K, committed 36160K, reserved 1114112K
  class space    used 4278K, committed 4480K, reserved 1048576K
}
Event: 21.375 GC heap before
{Heap before GC invocations=12 (full 0):
 garbage-first heap   total 65536K, used 43344K [0x00000000c1600000, 0x0000000100000000)
  region size 1024K, 21 young (21504K), 2 survivors (2048K)
 Metaspace       used 37381K, committed 37760K, reserved 1114112K
  class space    used 4461K, committed 4672K, reserved 1048576K
}
Event: 21.383 GC heap after
{Heap after GC invocations=13 (full 0):
 garbage-first heap   total 65536K, used 26385K [0x00000000c1600000, 0x0000000100000000)
  region size 1024K, 3 young (3072K), 3 survivors (3072K)
 Metaspace       used 37381K, committed 37760K, reserved 1114112K
  class space    used 4461K, committed 4672K, reserved 1048576K
}

