# JRE version: OpenJDK Runtime Environment Temurin-17.0.7+7 (17.0.7+7) (build 17.0.7+7)
# Java VM: OpenJDK 64-Bit Server VM Temurin-17.0.7+7 (17.0.7+7, mixed mode, emulated-client, tiered, compressed oops, compressed class ptrs, g1 gc, windows-amd64)
GC Precious Log:
 CPUs: 4 total, 4 available
 Memory: 4002M
 Large Page Support: Disabled
 NUMA Support: Disabled
 Compressed Oops: Enabled (32-bit)
 Heap Region Size: 1M
 Heap Min Capacity: 8M
 Heap Initial Capacity: 64M
 Heap Max Capacity: 1002M
 Pre-touch: Disabled
 Parallel Workers: 4
 Concurrent Workers: 1
 Concurrent Refinement Workers: 4
 Periodic GC: Disabled
Heap:
 garbage-first heap   total 65536K, used 38724K [0x00000000c1600000, 0x0000000100000000)
  region size 1024K, 5 young (5120K), 1 survivors (1024K)
 Metaspace       used 54504K, committed 54976K, reserved 1114112K
  class space    used 7340K, committed 7552K, reserved 1048576K
GC Heap History (20 events):
Event: 63.602 GC heap before
{Heap before GC invocations=19 (full 0):
 garbage-first heap   total 65536K, used 34639K [0x00000000c1600000, 0x0000000100000000)
  region size 1024K, 4 young (4096K), 3 survivors (3072K)
 Metaspace       used 47169K, committed 47616K, reserved 1114112K
  class space    used 6247K, committed 6464K, reserved 1048576K
}
Event: 63.617 GC heap after
{Heap after GC invocations=20 (full 0):
 garbage-first heap   total 65536K, used 31328K [0x00000000c1600000, 0x0000000100000000)
  region size 1024K, 1 young (1024K), 1 survivors (1024K)
 Metaspace       used 47169K, committed 47616K, reserved 1114112K
  class space    used 6247K, committed 6464K, reserved 1048576K
}
Event: 64.166 GC heap before
{Heap before GC invocations=20 (full 0):
 garbage-first heap   total 65536K, used 35424K [0x00000000c1600000, 0x0000000100000000)
  region size 1024K, 6 young (6144K), 1 survivors (1024K)
 Metaspace       used 47182K, committed 47616K, reserved 1114112K
  class space    used 6249K, committed 6464K, reserved 1048576K
}
Event: 64.176 GC heap after
{Heap after GC invocations=21 (full 0):
 garbage-first heap   total 65536K, used 31959K [0x00000000c1600000, 0x0000000100000000)
  region size 1024K, 2 young (2048K), 2 survivors (2048K)
 Metaspace       used 47182K, committed 47616K, reserved 1114112K
  class space    used 6249K, committed 6464K, reserved 1048576K
}
Event: 66.317 GC heap before
{Heap before GC invocations=22 (full 0):
 garbage-first heap   total 65536K, used 56535K [0x00000000c1600000, 0x0000000100000000)
  region size 1024K, 21 young (21504K), 2 survivors (2048K)
 Metaspace       used 47452K, committed 47872K, reserved 1114112K
  class space    used 6279K, committed 6464K, reserved 1048576K
}
Event: 66.327 GC heap after
{Heap after GC invocations=23 (full 0):
 garbage-first heap   total 65536K, used 34352K [0x00000000c1600000, 0x0000000100000000)
  region size 1024K, 3 young (3072K), 3 survivors (3072K)
 Metaspace       used 47452K, committed 47872K, reserved 1114112K
  class space    used 6279K, committed 6464K, reserved 1048576K
}
Event: 66.568 GC heap before
{Heap before GC invocations=23 (full 0):
 garbage-first heap   total 65536K, used 35376K [0x00000000c1600000, 0x0000000100000000)
  region size 1024K, 4 young (4096K), 3 survivors (3072K)
 Metaspace       used 47700K, committed 48192K, reserved 1114112K
  class space    used 6304K, committed 6528K, reserved 1048576K
}
Event: 66.580 GC heap after
{Heap after GC invocations=24 (full 0):
 garbage-first heap   total 65536K, used 34206K [0x00000000c1600000, 0x0000000100000000)
  region size 1024K, 1 young (1024K), 1 survivors (1024K)
 Metaspace       used 47700K, committed 48192K, reserved 1114112K
  class space    used 6304K, committed 6528K, reserved 1048576K
}
Event: 67.066 GC heap before
{Heap before GC invocations=24 (full 0):
 garbage-first heap   total 65536K, used 36254K [0x00000000c1600000, 0x0000000100000000)
  region size 1024K, 4 young (4096K), 1 survivors (1024K)
 Metaspace       used 47734K, committed 48192K, reserved 1114112K
  class space    used 6308K, committed 6528K, reserved 1048576K
}
Event: 67.068 GC heap after
{Heap after GC invocations=25 (full 0):
 garbage-first heap   total 65536K, used 34681K [0x00000000c1600000, 0x0000000100000000)
  region size 1024K, 1 young (1024K), 1 survivors (1024K)
 Metaspace       used 47734K, committed 48192K, reserved 1114112K
  class space    used 6308K, committed 6528K, reserved 1048576K
}
Event: 70.155 GC heap before
{Heap before GC invocations=26 (full 0):
 garbage-first heap   total 65536K, used 53113K [0x00000000c1600000, 0x0000000100000000)
  region size 1024K, 18 young (18432K), 1 survivors (1024K)
 Metaspace       used 48859K, committed 49408K, reserved 1114112K
  class space    used 6486K, committed 6720K, reserved 1048576K
}
Event: 70.160 GC heap after
{Heap after GC invocations=27 (full 0):
 garbage-first heap   total 65536K, used 34879K [0x00000000c1600000, 0x0000000100000000)
  region size 1024K, 2 young (2048K), 2 survivors (2048K)
 Metaspace       used 48859K, committed 49408K, reserved 1114112K
  class space    used 6486K, committed 6720K, reserved 1048576K
}
Event: 70.341 GC heap before
{Heap before GC invocations=27 (full 0):
 garbage-first heap   total 65536K, used 35903K [0x00000000c1600000, 0x0000000100000000)
  region size 1024K, 3 young (3072K), 2 survivors (2048K)
 Metaspace       used 48884K, committed 49408K, reserved 1114112K
  class space    used 6492K, committed 6720K, reserved 1048576K
}
Event: 70.352 GC heap after
{Heap after GC invocations=28 (full 0):
 garbage-first heap   total 65536K, used 34452K [0x00000000c1600000, 0x0000000100000000)
  region size 1024K, 1 young (1024K), 1 survivors (1024K)
 Metaspace       used 48884K, committed 49408K, reserved 1114112K
  class space    used 6492K, committed 6720K, reserved 1048576K
}
Event: 77.731 GC heap before
{Heap before GC invocations=28 (full 0):
 garbage-first heap   total 65536K, used 51860K [0x00000000c1600000, 0x0000000100000000)
  region size 1024K, 18 young (18432K), 1 survivors (1024K)
 Metaspace       used 50590K, committed 51072K, reserved 1114112K
  class space    used 6716K, committed 6912K, reserved 1048576K
}
Event: 77.736 GC heap after
{Heap after GC invocations=29 (full 0):
 garbage-first heap   total 65536K, used 35331K [0x00000000c1600000, 0x0000000100000000)
  region size 1024K, 2 young (2048K), 2 survivors (2048K)
 Metaspace       used 50590K, committed 51072K, reserved 1114112K
  class space    used 6716K, committed 6912K, reserved 1048576K
}
Event: 80.743 GC heap before
{Heap before GC invocations=30 (full 0):
 garbage-first heap   total 65536K, used 50691K [0x00000000c1600000, 0x0000000100000000)
  region size 1024K, 18 young (18432K), 2 survivors (2048K)
 Metaspace       used 53713K, committed 54208K, reserved 1114112K
  class space    used 7209K, committed 7424K, reserved 1048576K
}
Event: 80.753 GC heap after
{Heap after GC invocations=31 (full 0):
 garbage-first heap   total 65536K, used 35901K [0x00000000c1600000, 0x0000000100000000)
  region size 1024K, 2 young (2048K), 2 survivors (2048K)
 Metaspace       used 53713K, committed 54208K, reserved 1114112K
  class space    used 7209K, committed 7424K, reserved 1048576K
}
Event: 80.929 GC heap before
{Heap before GC invocations=31 (full 0):
 garbage-first heap   total 65536K, used 36925K [0x00000000c1600000, 0x0000000100000000)
  region size 1024K, 3 young (3072K), 2 survivors (2048K)
 Metaspace       used 53982K, committed 54464K, reserved 1114112K
  class space    used 7239K, committed 7424K, reserved 1048576K
}
Event: 80.944 GC heap after
{Heap after GC invocations=32 (full 0):
 garbage-first heap   total 65536K, used 35652K [0x00000000c1600000, 0x0000000100000000)
  region size 1024K, 1 young (1024K), 1 survivors (1024K)
 Metaspace       used 53982K, committed 54464K, reserved 1114112K
  class space    used 7239K, committed 7424K, reserved 1048576K
}

