# JRE version: OpenJDK Runtime Environment Temurin-17.0.7+7 (17.0.7+7) (build 17.0.7+7)
# Java VM: OpenJDK 64-Bit Server VM Temurin-17.0.7+7 (17.0.7+7, mixed mode, emulated-client, tiered, compressed oops, compressed class ptrs, g1 gc, windows-amd64)
GC Precious Log:
 CPUs: 4 total, 4 available
 Memory: 4002M
 Large Page Support: Disabled
 NUMA Support: Disabled
 Compressed Oops: Enabled (32-bit)
 Heap Region Size: 1M
 Heap Min Capacity: 8M
 Heap Initial Capacity: 64M
 Heap Max Capacity: 1002M
 Pre-touch: Disabled
 Parallel Workers: 4
 Concurrent Workers: 1
 Concurrent Refinement Workers: 4
 Periodic GC: Disabled
Heap:
 garbage-first heap   total 75776K, used 40177K [0x00000000c1600000, 0x0000000100000000)
  region size 1024K, 20 young (20480K), 4 survivors (4096K)
 Metaspace       used 58817K, committed 59392K, reserved 1114112K
  class space    used 7869K, committed 8128K, reserved 1048576K
GC Heap History (20 events):
Event: 94196.068 GC heap before
{Heap before GC invocations=67 (full 15):
 garbage-first heap   total 155648K, used 55554K [0x00000000c1600000, 0x0000000100000000)
  region size 1024K, 35 young (35840K), 3 survivors (3072K)
 Metaspace       used 58581K, committed 59136K, reserved 1114112K
  class space    used 7827K, committed 8064K, reserved 1048576K
}
Event: 94196.499 GC heap after
{Heap after GC invocations=68 (full 16):
 garbage-first heap   total 75776K, used 21264K [0x00000000c1600000, 0x0000000100000000)
  region size 1024K, 0 young (0K), 0 survivors (0K)
 Metaspace       used 58581K, committed 59136K, reserved 1114112K
  class space    used 7827K, committed 8064K, reserved 1048576K
}
Event: 94198.479 GC heap before
{Heap before GC invocations=68 (full 16):
 garbage-first heap   total 75776K, used 56080K [0x00000000c1600000, 0x0000000100000000)
  region size 1024K, 35 young (35840K), 0 survivors (0K)
 Metaspace       used 58615K, committed 59200K, reserved 1114112K
  class space    used 7832K, committed 8128K, reserved 1048576K
}
Event: 94198.493 GC heap after
{Heap after GC invocations=69 (full 16):
 garbage-first heap   total 75776K, used 24336K [0x00000000c1600000, 0x0000000100000000)
  region size 1024K, 3 young (3072K), 3 survivors (3072K)
 Metaspace       used 58615K, committed 59200K, reserved 1114112K
  class space    used 7832K, committed 8128K, reserved 1048576K
}
Event: 94207.514 GC heap before
{Heap before GC invocations=69 (full 16):
 garbage-first heap   total 75776K, used 58128K [0x00000000c1600000, 0x0000000100000000)
  region size 1024K, 36 young (36864K), 3 survivors (3072K)
 Metaspace       used 58711K, committed 59328K, reserved 1114112K
  class space    used 7850K, committed 8128K, reserved 1048576K
}
Event: 94207.528 GC heap after
{Heap after GC invocations=70 (full 16):
 garbage-first heap   total 75776K, used 23854K [0x00000000c1600000, 0x0000000100000000)
  region size 1024K, 2 young (2048K), 2 survivors (2048K)
 Metaspace       used 58711K, committed 59328K, reserved 1114112K
  class space    used 7850K, committed 8128K, reserved 1048576K
}
Event: 94226.648 GC heap before
{Heap before GC invocations=70 (full 16):
 garbage-first heap   total 75776K, used 57646K [0x00000000c1600000, 0x0000000100000000)
  region size 1024K, 35 young (35840K), 2 survivors (2048K)
 Metaspace       used 58764K, committed 59328K, reserved 1114112K
  class space    used 7859K, committed 8128K, reserved 1048576K
}
Event: 94226.746 GC heap after
{Heap after GC invocations=71 (full 16):
 garbage-first heap   total 75776K, used 25456K [0x00000000c1600000, 0x0000000100000000)
  region size 1024K, 4 young (4096K), 4 survivors (4096K)
 Metaspace       used 58764K, committed 59328K, reserved 1114112K
  class space    used 7859K, committed 8128K, reserved 1048576K
}
Event: 94226.991 GC heap before
{Heap before GC invocations=71 (full 16):
 garbage-first heap   total 75776K, used 25456K [0x00000000c1600000, 0x0000000100000000)
  region size 1024K, 5 young (5120K), 4 survivors (4096K)
 Metaspace       used 58764K, committed 59328K, reserved 1114112K
  class space    used 7859K, committed 8128K, reserved 1048576K
}
Event: 94227.558 GC heap after
{Heap after GC invocations=72 (full 17):
 garbage-first heap   total 75776K, used 21473K [0x00000000c1600000, 0x0000000100000000)
  region size 1024K, 0 young (0K), 0 survivors (0K)
 Metaspace       used 58764K, committed 59328K, reserved 1114112K
  class space    used 7859K, committed 8128K, reserved 1048576K
}
Event: 94235.366 GC heap before
{Heap before GC invocations=72 (full 17):
 garbage-first heap   total 75776K, used 57313K [0x00000000c1600000, 0x0000000100000000)
  region size 1024K, 35 young (35840K), 0 survivors (0K)
 Metaspace       used 58809K, committed 59392K, reserved 1114112K
  class space    used 7866K, committed 8128K, reserved 1048576K
}
Event: 94235.385 GC heap after
{Heap after GC invocations=73 (full 17):
 garbage-first heap   total 75776K, used 24832K [0x00000000c1600000, 0x0000000100000000)
  region size 1024K, 4 young (4096K), 4 survivors (4096K)
 Metaspace       used 58809K, committed 59392K, reserved 1114112K
  class space    used 7866K, committed 8128K, reserved 1048576K
}
Event: 94252.222 GC heap before
{Heap before GC invocations=73 (full 17):
 garbage-first heap   total 75776K, used 40192K [0x00000000c1600000, 0x0000000100000000)
  region size 1024K, 20 young (20480K), 4 survivors (4096K)
 Metaspace       used 58814K, committed 59392K, reserved 1114112K
  class space    used 7867K, committed 8128K, reserved 1048576K
}
Event: 94252.757 GC heap after
{Heap after GC invocations=74 (full 18):
 garbage-first heap   total 75776K, used 21546K [0x00000000c1600000, 0x0000000100000000)
  region size 1024K, 0 young (0K), 0 survivors (0K)
 Metaspace       used 58814K, committed 59392K, reserved 1114112K
  class space    used 7867K, committed 8128K, reserved 1048576K
}
Event: 94261.425 GC heap before
{Heap before GC invocations=74 (full 18):
 garbage-first heap   total 75776K, used 55338K [0x00000000c1600000, 0x0000000100000000)
  region size 1024K, 34 young (34816K), 0 survivors (0K)
 Metaspace       used 58823K, committed 59392K, reserved 1114112K
  class space    used 7869K, committed 8128K, reserved 1048576K
}
Event: 94261.448 GC heap after
{Heap after GC invocations=75 (full 18):
 garbage-first heap   total 75776K, used 24765K [0x00000000c1600000, 0x0000000100000000)
  region size 1024K, 4 young (4096K), 4 survivors (4096K)
 Metaspace       used 58823K, committed 59392K, reserved 1114112K
  class space    used 7869K, committed 8128K, reserved 1048576K
}
Event: 94433.999 GC heap before
{Heap before GC invocations=75 (full 18):
 garbage-first heap   total 75776K, used 45245K [0x00000000c1600000, 0x0000000100000000)
  region size 1024K, 25 young (25600K), 4 survivors (4096K)
 Metaspace       used 58825K, committed 59392K, reserved 1114112K
  class space    used 7870K, committed 8128K, reserved 1048576K
}
Event: 94435.288 GC heap after
{Heap after GC invocations=76 (full 19):
 garbage-first heap   total 75776K, used 21454K [0x00000000c1600000, 0x0000000100000000)
  region size 1024K, 0 young (0K), 0 survivors (0K)
 Metaspace       used 58803K, committed 59392K, reserved 1114112K
  class space    used 7866K, committed 8128K, reserved 1048576K
}
Event: 94442.453 GC heap before
{Heap before GC invocations=76 (full 19):
 garbage-first heap   total 75776K, used 58318K [0x00000000c1600000, 0x0000000100000000)
  region size 1024K, 36 young (36864K), 0 survivors (0K)
 Metaspace       used 58815K, committed 59392K, reserved 1114112K
  class space    used 7868K, committed 8128K, reserved 1048576K
}
Event: 94442.467 GC heap after
{Heap after GC invocations=77 (full 19):
 garbage-first heap   total 75776K, used 24817K [0x00000000c1600000, 0x0000000100000000)
  region size 1024K, 4 young (4096K), 4 survivors (4096K)
 Metaspace       used 58815K, committed 59392K, reserved 1114112K
  class space    used 7868K, committed 8128K, reserved 1048576K
}

