# JRE version: OpenJDK Runtime Environment Temurin-17.0.7+7 (17.0.7+7) (build 17.0.7+7)
# Java VM: OpenJDK 64-Bit Server VM Temurin-17.0.7+7 (17.0.7+7, mixed mode, tiered, compressed oops, compressed class ptrs, g1 gc, windows-amd64)
GC Precious Log:
 CPUs: 4 total, 4 available
 Memory: 4002M
 Large Page Support: Disabled
 NUMA Support: Disabled
 Compressed Oops: Enabled (32-bit)
 Heap Region Size: 1M
 Heap Min Capacity: 8M
 Heap Initial Capacity: 64M
 Heap Max Capacity: 1002M
 Pre-touch: Disabled
 Parallel Workers: 4
 Concurrent Workers: 1
 Concurrent Refinement Workers: 4
 Periodic GC: Disabled
Heap:
 garbage-first heap   total 53248K, used 31470K [0x00000000c1600000, 0x0000000100000000)
  region size 1024K, 1 young (1024K), 1 survivors (1024K)
 Metaspace       used 34757K, committed 35136K, reserved 1114112K
  class space    used 3745K, committed 3904K, reserved 1048576K
GC Heap History (20 events):
Event: 15.483 GC heap after
{Heap after GC invocations=12 (full 0):
 garbage-first heap   total 51200K, used 15692K [0x00000000c1600000, 0x0000000100000000)
  region size 1024K, 3 young (3072K), 3 survivors (3072K)
 Metaspace       used 25537K, committed 25792K, reserved 1114112K
  class space    used 2713K, committed 2880K, reserved 1048576K
}
Event: 17.220 GC heap before
{Heap before GC invocations=12 (full 0):
 garbage-first heap   total 51200K, used 36172K [0x00000000c1600000, 0x0000000100000000)
  region size 1024K, 23 young (23552K), 3 survivors (3072K)
 Metaspace       used 25763K, committed 26048K, reserved 1114112K
  class space    used 2716K, committed 2880K, reserved 1048576K
}
Event: 17.238 GC heap after
{Heap after GC invocations=13 (full 0):
 garbage-first heap   total 51200K, used 18748K [0x00000000c1600000, 0x0000000100000000)
  region size 1024K, 3 young (3072K), 3 survivors (3072K)
 Metaspace       used 25763K, committed 26048K, reserved 1114112K
  class space    used 2716K, committed 2880K, reserved 1048576K
}
Event: 18.071 GC heap before
{Heap before GC invocations=13 (full 0):
 garbage-first heap   total 51200K, used 37180K [0x00000000c1600000, 0x0000000100000000)
  region size 1024K, 21 young (21504K), 3 survivors (3072K)
 Metaspace       used 25871K, committed 26176K, reserved 1114112K
  class space    used 2717K, committed 2880K, reserved 1048576K
}
Event: 18.085 GC heap after
{Heap after GC invocations=14 (full 0):
 garbage-first heap   total 51200K, used 20480K [0x00000000c1600000, 0x0000000100000000)
  region size 1024K, 2 young (2048K), 2 survivors (2048K)
 Metaspace       used 25871K, committed 26176K, reserved 1114112K
  class space    used 2717K, committed 2880K, reserved 1048576K
}
Event: 20.656 GC heap before
{Heap before GC invocations=14 (full 0):
 garbage-first heap   total 51200K, used 37888K [0x00000000c1600000, 0x0000000100000000)
  region size 1024K, 19 young (19456K), 2 survivors (2048K)
 Metaspace       used 26062K, committed 26304K, reserved 1114112K
  class space    used 2719K, committed 2880K, reserved 1048576K
}
Event: 20.667 GC heap after
{Heap after GC invocations=15 (full 0):
 garbage-first heap   total 51200K, used 22736K [0x00000000c1600000, 0x0000000100000000)
  region size 1024K, 3 young (3072K), 3 survivors (3072K)
 Metaspace       used 26062K, committed 26304K, reserved 1114112K
  class space    used 2719K, committed 2880K, reserved 1048576K
}
Event: 21.639 GC heap before
{Heap before GC invocations=15 (full 0):
 garbage-first heap   total 51200K, used 38096K [0x00000000c1600000, 0x0000000100000000)
  region size 1024K, 18 young (18432K), 3 survivors (3072K)
 Metaspace       used 26304K, committed 26560K, reserved 1114112K
  class space    used 2737K, committed 2880K, reserved 1048576K
}
Event: 21.649 GC heap after
{Heap after GC invocations=16 (full 0):
 garbage-first heap   total 51200K, used 23528K [0x00000000c1600000, 0x0000000100000000)
  region size 1024K, 1 young (1024K), 1 survivors (1024K)
 Metaspace       used 26304K, committed 26560K, reserved 1114112K
  class space    used 2737K, committed 2880K, reserved 1048576K
}
Event: 23.231 GC heap before
{Heap before GC invocations=16 (full 0):
 garbage-first heap   total 51200K, used 39912K [0x00000000c1600000, 0x0000000100000000)
  region size 1024K, 17 young (17408K), 1 survivors (1024K)
 Metaspace       used 27327K, committed 27584K, reserved 1114112K
  class space    used 2844K, committed 3008K, reserved 1048576K
}
Event: 23.238 GC heap after
{Heap after GC invocations=17 (full 0):
 garbage-first heap   total 51200K, used 24373K [0x00000000c1600000, 0x0000000100000000)
  region size 1024K, 2 young (2048K), 2 survivors (2048K)
 Metaspace       used 27327K, committed 27584K, reserved 1114112K
  class space    used 2844K, committed 3008K, reserved 1048576K
}
Event: 24.697 GC heap before
{Heap before GC invocations=17 (full 0):
 garbage-first heap   total 51200K, used 36661K [0x00000000c1600000, 0x0000000100000000)
  region size 1024K, 16 young (16384K), 2 survivors (2048K)
 Metaspace       used 29699K, committed 30016K, reserved 1114112K
  class space    used 3116K, committed 3264K, reserved 1048576K
}
Event: 24.706 GC heap after
{Heap after GC invocations=18 (full 0):
 garbage-first heap   total 51200K, used 25120K [0x00000000c1600000, 0x0000000100000000)
  region size 1024K, 2 young (2048K), 2 survivors (2048K)
 Metaspace       used 29699K, committed 30016K, reserved 1114112K
  class space    used 3116K, committed 3264K, reserved 1048576K
}
Event: 25.890 GC heap before
{Heap before GC invocations=19 (full 0):
 garbage-first heap   total 51200K, used 36384K [0x00000000c1600000, 0x0000000100000000)
  region size 1024K, 13 young (13312K), 2 survivors (2048K)
 Metaspace       used 29951K, committed 30272K, reserved 1114112K
  class space    used 3151K, committed 3328K, reserved 1048576K
}
Event: 25.897 GC heap after
{Heap after GC invocations=20 (full 0):
 garbage-first heap   total 51200K, used 25134K [0x00000000c1600000, 0x0000000100000000)
  region size 1024K, 1 young (1024K), 1 survivors (1024K)
 Metaspace       used 29951K, committed 30272K, reserved 1114112K
  class space    used 3151K, committed 3328K, reserved 1048576K
}
Event: 26.225 GC heap before
{Heap before GC invocations=21 (full 0):
 garbage-first heap   total 51200K, used 29230K [0x00000000c1600000, 0x0000000100000000)
  region size 1024K, 5 young (5120K), 1 survivors (1024K)
 Metaspace       used 30027K, committed 30336K, reserved 1114112K
  class space    used 3160K, committed 3328K, reserved 1048576K
}
Event: 26.230 GC heap after
{Heap after GC invocations=22 (full 0):
 garbage-first heap   total 51200K, used 27302K [0x00000000c1600000, 0x0000000100000000)
  region size 1024K, 1 young (1024K), 1 survivors (1024K)
 Metaspace       used 30027K, committed 30336K, reserved 1114112K
  class space    used 3160K, committed 3328K, reserved 1048576K
}
Event: 27.512 GC heap before
{Heap before GC invocations=23 (full 0):
 garbage-first heap   total 53248K, used 42662K [0x00000000c1600000, 0x0000000100000000)
  region size 1024K, 15 young (15360K), 1 survivors (1024K)
 Metaspace       used 32741K, committed 33024K, reserved 1114112K
  class space    used 3522K, committed 3648K, reserved 1048576K
}
Event: 27.526 GC heap after
{Heap after GC invocations=24 (full 0):
 garbage-first heap   total 53248K, used 30715K [0x00000000c1600000, 0x0000000100000000)
  region size 1024K, 2 young (2048K), 2 survivors (2048K)
 Metaspace       used 32741K, committed 33024K, reserved 1114112K
  class space    used 3522K, committed 3648K, reserved 1048576K
}
Event: 28.358 GC heap before
{Heap before GC invocations=24 (full 0):
 garbage-first heap   total 53248K, used 37883K [0x00000000c1600000, 0x0000000100000000)
  region size 1024K, 11 young (11264K), 2 survivors (2048K)
 Metaspace       used 34757K, committed 35136K, reserved 1114112K
  class space    used 3745K, committed 3904K, reserved 1048576K
}

